<?xml version="1.0" encoding="UTF-8"?>
<!-- Generated by org.testng.reporters.JUnitReportReporter -->
<testsuite hostname="RANA" failures="0" tests="1" name="com.orangehrms.testscript.PIMPageTest" time="65.433" errors="0" timestamp="2025-05-29T00:00:56 IST" skipped="0">
  <testcase classname="com.orangehrms.testscript.PIMPageTest" name="additionOfEmp" time="65.433"/>
  <system-out>
    <![CDATA[[ Test script execution starts from here. ]
additionOfEmp [ Test script executed successfully. ]]]>
  </system-out>
</testsuite> <!-- com.orangehrms.testscript.PIMPageTest -->
