<?xml version="1.0" encoding="UTF-8"?>
<!-- Generated by org.testng.reporters.JUnitReportReporter -->
<testsuite hostname="RANA" failures="0" tests="1" name="com.orangehrms.testscript.PIMPageTest" time="138.821" errors="0" timestamp="2025-05-28T22:19:58 IST" skipped="0">
  <testcase classname="com.orangehrms.testscript.PIMPageTest" name="additionOfEmp" time="138.821"/>
  <system-out/>
</testsuite> <!-- com.orangehrms.testscript.PIMPageTest -->
